2026-02-08 09:21:48.327 Filtered 141 packages down to 17 candidates for component scanning
2026-02-08 09:21:48.328 Scanning 17 candidate packages for component manifests using 12 worker threads
2026-02-08 09:21:48.402 Found 0 component manifests total
2026-02-08 09:21:48.403 No asset roots to watch
2026-02-08 09:21:48.403 File watching not started
2026-02-08 09:21:48.403 Starting new event loop for server
2026-02-08 09:21:48.404 Starting server...
2026-02-08 09:21:48.404 Serving static content from C:\Users\최정은\AppData\Roaming\Python\Python313\site-packages\streamlit\static
2026-02-08 09:21:48.419 Server started on port 8502
2026-02-08 09:21:48.419 Runtime state: RuntimeState.INITIAL -> RuntimeState.NO_SESSIONS_CONNECTED

  You can now view your Streamlit app in your browser.

  Local URL: http://localhost:8502
  Network URL: http://172.30.1.74:8502

2026-02-08 09:21:48.422 Setting up signal handler
2026-02-08 09:21:48.623 No singleton. Registering one.
2026-02-08 09:21:48.626 Watcher created for C:\Users\최정은\Desktop\snapq_toeic\main_hub.py
2026-02-08 09:21:48.627 AppSession initialized (id=0e90d989-7f53-44b3-8dbf-12950ac74a8a)
2026-02-08 09:21:48.627 Created new session for client 2272014683504. Session ID: 0e90d989-7f53-44b3-8dbf-12950ac74a8a
2026-02-08 09:21:48.627 Runtime state: RuntimeState.NO_SESSIONS_CONNECTED -> RuntimeState.ONE_OR_MORE_SESSIONS_CONNECTED
2026-02-08 09:21:48.725 Watcher created for C:\Users\최정은\Desktop\snapq_toeic\main_hub.py
2026-02-08 09:21:48.725 AppSession initialized (id=e3f80491-9e06-4535-b14d-7fa0de7b59a7)
2026-02-08 09:21:48.725 Created new session for client 2272015112208. Session ID: e3f80491-9e06-4535-b14d-7fa0de7b59a7
2026-02-08 09:21:48.726 Runtime state: RuntimeState.ONE_OR_MORE_SESSIONS_CONNECTED -> RuntimeState.ONE_OR_MORE_SESSIONS_CONNECTED
2026-02-08 09:21:48.733 Received the following back message:
rerun_script {
  widget_states {
  }
  context_info {
    timezone: "Asia/Seoul"
    timezone_offset: -540
    locale: "ko"
    url: "http://localhost:8502/"
    is_embedded: false
    color_scheme: "light"
  }
}

2026-02-08 09:21:48.734 Beginning script thread
2026-02-08 09:21:48.734 Running script RerunData(widget_states=, context_info=timezone: "Asia/Seoul"
timezone_offset: -540
locale: "ko"
url: "http://localhost:8502/"
is_embedded: false
color_scheme: "light"
)
2026-02-08 09:21:48.735 Disconnecting files for session with ID e3f80491-9e06-4535-b14d-7fa0de7b59a7
2026-02-08 09:21:48.735 Sessions still active: dict_keys([])
2026-02-08 09:21:48.737 Files: 0; Sessions with files: 0
2026-02-08 09:21:48.972 Watcher created for C:\Users\최정은\Desktop\snapq_toeic\main_hub.py
2026-02-08 09:21:48.972 AppSession initialized (id=5abe8593-1532-46f2-a700-ff31a0c602a3)
2026-02-08 09:21:48.973 Created new session for client 2272015120528. Session ID: 5abe8593-1532-46f2-a700-ff31a0c602a3
2026-02-08 09:21:48.973 Runtime state: RuntimeState.ONE_OR_MORE_SESSIONS_CONNECTED -> RuntimeState.ONE_OR_MORE_SESSIONS_CONNECTED
2026-02-08 09:21:48.981 Received the following back message:
rerun_script {
  widget_states {
  }
  context_info {
    timezone: "Asia/Seoul"
    timezone_offset: -540
    locale: "ko"
    url: "http://127.0.0.1:8502/"
    is_embedded: false
    color_scheme: "light"
  }
}

2026-02-08 09:21:48.983 Beginning script thread
2026-02-08 09:21:48.983 Running script RerunData(widget_states=, context_info=timezone: "Asia/Seoul"
timezone_offset: -540
locale: "ko"
url: "http://127.0.0.1:8502/"
is_embedded: false
color_scheme: "light"
)
2026-02-08 09:21:48.983 Disconnecting files for session with ID 5abe8593-1532-46f2-a700-ff31a0c602a3
2026-02-08 09:21:48.983 Sessions still active: dict_keys([])
2026-02-08 09:21:48.983 Files: 0; Sessions with files: 0
2026-02-08 09:21:49.157 Removing orphaned files...
2026-02-08 09:21:49.158 Removing orphaned deferred callables...
2026-02-08 09:21:49.326 Removing orphaned files...
2026-02-08 09:21:49.326 Removing orphaned deferred callables...
2026-02-08 09:21:49.643 Watcher created for C:\Users\최정은\Desktop\snapq_toeic\app
2026-02-08 09:21:49.645 Watcher created for C:\Users\최정은\Desktop\snapq_toeic\app\core\__init__.py
2026-02-08 09:21:49.645 Watcher created for C:\Users\최정은\Desktop\snapq_toeic\app\core\access_guard.py
2026-02-08 09:21:49.646 Watcher created for C:\Users\최정은\Desktop\snapq_toeic\app\core\pretest_gate.py
2026-02-08 09:21:49.646 Watcher created for C:\Users\최정은\Desktop\snapq_toeic\app\core\attendance_engine.py
2026-02-08 09:21:49.647 Watcher created for C:\Users\최정은\Desktop\snapq_toeic\app\core\battle_state.py
2026-02-08 09:21:49.648 Watcher created for C:\Users\최정은\Desktop\snapq_toeic\app\core\battle_theme.py
2026-02-08 09:21:49.649 Watcher created for C:\Users\최정은\Desktop\snapq_toeic\app\core\ui_shell.py
2026-02-08 09:21:49.650 Watcher created for C:\Users\최정은\Desktop\snapq_toeic\pages\01_P7_Lobby.py
2026-02-08 09:21:49.651 Watcher created for C:\Users\최정은\Desktop\snapq_toeic\pages\01_P7_Reading_Arena.py
2026-02-08 09:21:49.651 Watcher created for C:\Users\최정은\Desktop\snapq_toeic\pages\02_P5_Armory_Battle.py
2026-02-08 09:21:49.652 Watcher created for C:\Users\최정은\Desktop\snapq_toeic\pages\02_P5_Battle_Mine.py
2026-02-08 09:21:49.653 Watcher created for C:\Users\최정은\Desktop\snapq_toeic\pages\02_P5_Exam_10Q_55S.py
2026-02-08 09:21:49.653 Watcher created for C:\Users\최정은\Desktop\snapq_toeic\pages\02_P5_Timebomb_Arena.py
2026-02-08 09:21:49.654 Watcher created for C:\Users\최정은\Desktop\snapq_toeic\pages\02_P5_Train_Arena.py
2026-02-08 09:21:49.654 Watcher created for C:\Users\최정은\Desktop\snapq_toeic\pages\03_Secret_Armory_Main.py
2026-02-08 09:21:49.655 Watcher created for C:\Users\최정은\Desktop\snapq_toeic\pages\04_Scoreboard.py
2026-02-08 09:21:49.656 Watcher created for C:\Users\최정은\Desktop\snapq_toeic\pages\04_VOCA_Battle_Arena.py
2026-02-08 09:21:49.656 Watcher created for C:\Users\최정은\Desktop\snapq_toeic\pages\04_VOCA_Train_Arena.py
2026-02-08 09:21:49.657 Watcher created for C:\Users\최정은\Desktop\snapq_toeic\pages\07_P7_Reading_Arena_ZERO.py
2026-02-08 09:21:49.974 Watcher created for C:\Users\최정은\Desktop\snapq_toeic\app
2026-02-08 09:21:49.975 Watcher created for C:\Users\최정은\Desktop\snapq_toeic\app\core\__init__.py
2026-02-08 09:21:49.976 Watcher created for C:\Users\최정은\Desktop\snapq_toeic\app\core\access_guard.py
2026-02-08 09:21:49.978 Watcher created for C:\Users\최정은\Desktop\snapq_toeic\app\core\pretest_gate.py
2026-02-08 09:21:49.978 Watcher created for C:\Users\최정은\Desktop\snapq_toeic\app\core\attendance_engine.py
2026-02-08 09:21:49.980 Watcher created for C:\Users\최정은\Desktop\snapq_toeic\app\core\battle_state.py
2026-02-08 09:21:49.980 Watcher created for C:\Users\최정은\Desktop\snapq_toeic\app\core\battle_theme.py
2026-02-08 09:21:49.980 Watcher created for C:\Users\최정은\Desktop\snapq_toeic\app\core\ui_shell.py
2026-02-08 09:21:49.981 Watcher created for C:\Users\최정은\Desktop\snapq_toeic\pages\01_P7_Lobby.py
2026-02-08 09:21:49.983 Watcher created for C:\Users\최정은\Desktop\snapq_toeic\pages\01_P7_Reading_Arena.py
2026-02-08 09:21:49.984 Watcher created for C:\Users\최정은\Desktop\snapq_toeic\pages\02_P5_Armory_Battle.py
2026-02-08 09:21:49.985 Watcher created for C:\Users\최정은\Desktop\snapq_toeic\pages\02_P5_Battle_Mine.py
2026-02-08 09:21:49.985 Watcher created for C:\Users\최정은\Desktop\snapq_toeic\pages\02_P5_Exam_10Q_55S.py
2026-02-08 09:21:49.986 Watcher created for C:\Users\최정은\Desktop\snapq_toeic\pages\02_P5_Timebomb_Arena.py
2026-02-08 09:21:49.986 Watcher created for C:\Users\최정은\Desktop\snapq_toeic\pages\02_P5_Train_Arena.py
2026-02-08 09:21:49.986 Watcher created for C:\Users\최정은\Desktop\snapq_toeic\pages\03_Secret_Armory_Main.py
2026-02-08 09:21:49.987 Watcher created for C:\Users\최정은\Desktop\snapq_toeic\pages\04_Scoreboard.py
2026-02-08 09:21:49.987 Watcher created for C:\Users\최정은\Desktop\snapq_toeic\pages\04_VOCA_Battle_Arena.py
2026-02-08 09:21:49.987 Watcher created for C:\Users\최정은\Desktop\snapq_toeic\pages\04_VOCA_Train_Arena.py
2026-02-08 09:21:49.988 Watcher created for C:\Users\최정은\Desktop\snapq_toeic\pages\07_P7_Reading_Arena_ZERO.py
2026-02-08 09:21:50.673 Received the following back message:
rerun_script {
  widget_states {
    widgets {
      id: "$$ID-03570b8d9af384f57e4ab3dfe4e5790e-pilot_name_input"
      string_value: ""
    }
    widgets {
      id: "$$ID-5999d598512f40ce4b30894375969b7a-attend_start"
      trigger_value: true
    }
  }
  page_script_hash: "93a62cdd17f48a3603d8479576e6c33c"
  context_info {
    timezone: "Asia/Seoul"
    timezone_offset: -540
    locale: "ko"
    url: "http://127.0.0.1:8502/"
    is_embedded: false
    color_scheme: "light"
  }
}

2026-02-08 09:21:50.674 Beginning script thread
2026-02-08 09:21:50.674 Running script RerunData(widget_states=widgets {
  id: "$$ID-03570b8d9af384f57e4ab3dfe4e5790e-pilot_name_input"
  string_value: ""
}
widgets {
  id: "$$ID-5999d598512f40ce4b30894375969b7a-attend_start"
  trigger_value: true
}
, page_script_hash='93a62cdd17f48a3603d8479576e6c33c', context_info=timezone: "Asia/Seoul"
timezone_offset: -540
locale: "ko"
url: "http://127.0.0.1:8502/"
is_embedded: false
color_scheme: "light"
)
2026-02-08 09:21:50.675 Disconnecting files for session with ID 5abe8593-1532-46f2-a700-ff31a0c602a3
2026-02-08 09:21:50.675 Sessions still active: dict_keys([])
2026-02-08 09:21:50.675 Files: 0; Sessions with files: 0
2026-02-08 09:21:50.729 Removing orphaned files...
2026-02-08 09:21:50.729 Removing orphaned deferred callables...
2026-02-08 09:21:50.759 Ignoring changed path C:\Users\최정은\Desktop\snapq_toeic\data\cohorts\2026-02\attendance.jsonl.
Watched_paths: {'C:\\Users\\최정은\\Desktop\\snapq_toeic\\main_hub.py': WatchedPath(md5='2ac96b3f2641ffd0e47ab496fb5a6ec5', modification_time=1770023654.5297122, on_changed=<blinker.base.Signal object at 0x00000210FEA75590>)}
2026-02-08 09:21:50.760 Running script RerunData(page_script_hash='93a62cdd17f48a3603d8479576e6c33c', context_info=timezone: "Asia/Seoul"
timezone_offset: -540
locale: "ko"
url: "http://127.0.0.1:8502/"
is_embedded: false
color_scheme: "light"
)
2026-02-08 09:21:50.761 Disconnecting files for session with ID 5abe8593-1532-46f2-a700-ff31a0c602a3
2026-02-08 09:21:50.761 Sessions still active: dict_keys([])
2026-02-08 09:21:50.762 Files: 0; Sessions with files: 0
2026-02-08 09:21:50.935 Removing orphaned files...
2026-02-08 09:21:50.936 Removing orphaned deferred callables...
2026-02-08 09:21:51.558 Received the following back message:
rerun_script {
  widget_states {
    widgets {
      id: "$$ID-03570b8d9af384f57e4ab3dfe4e5790e-pilot_name_input"
      string_value: ""
    }
    widgets {
      id: "$$ID-1b4d3c7fa769f2308d0c31a2ac3d0ead-go_p7"
      trigger_value: true
    }
  }
  page_script_hash: "93a62cdd17f48a3603d8479576e6c33c"
  context_info {
    timezone: "Asia/Seoul"
    timezone_offset: -540
    locale: "ko"
    url: "http://127.0.0.1:8502/"
    is_embedded: false
    color_scheme: "light"
  }
}

2026-02-08 09:21:51.560 Beginning script thread
2026-02-08 09:21:51.560 Running script RerunData(widget_states=widgets {
  id: "$$ID-03570b8d9af384f57e4ab3dfe4e5790e-pilot_name_input"
  string_value: ""
}
widgets {
  id: "$$ID-1b4d3c7fa769f2308d0c31a2ac3d0ead-go_p7"
  trigger_value: true
}
, page_script_hash='93a62cdd17f48a3603d8479576e6c33c', context_info=timezone: "Asia/Seoul"
timezone_offset: -540
locale: "ko"
url: "http://127.0.0.1:8502/"
is_embedded: false
color_scheme: "light"
)
2026-02-08 09:21:51.561 Disconnecting files for session with ID 5abe8593-1532-46f2-a700-ff31a0c602a3
2026-02-08 09:21:51.561 Sessions still active: dict_keys([])
2026-02-08 09:21:51.561 Files: 0; Sessions with files: 0
2026-02-08 09:21:51.641 Removing orphaned files...
2026-02-08 09:21:51.641 Removing orphaned deferred callables...
2026-02-08 09:21:51.672 Running script RerunData(page_script_hash='9733130d388c1d10bfebee9733c066ed', context_info=timezone: "Asia/Seoul"
timezone_offset: -540
locale: "ko"
url: "http://127.0.0.1:8502/"
is_embedded: false
color_scheme: "light"
)
2026-02-08 09:21:51.672 Disconnecting files for session with ID 5abe8593-1532-46f2-a700-ff31a0c602a3
2026-02-08 09:21:51.672 Sessions still active: dict_keys([])
2026-02-08 09:21:51.672 Files: 0; Sessions with files: 0
2026-02-08 09:21:51.683 Removing orphaned files...
2026-02-08 09:21:51.683 Removing orphaned deferred callables...
2026-02-08 09:21:52.461 Received the following back message:
rerun_script {
  widget_states {
    widgets {
      id: "$$ID-e88100a04e8a294fe2c9211ca9586b98-None"
      int_value: 1
    }
    widgets {
      id: "$$ID-efe756f6ae4799c31ef32cd2f0019123-None"
      trigger_value: true
    }
  }
  page_script_hash: "9733130d388c1d10bfebee9733c066ed"
  cached_message_hashes: "e59275a65a497f2f9e16b6d4d8b0af0f"
  context_info {
    timezone: "Asia/Seoul"
    timezone_offset: -540
    locale: "ko"
    url: "http://127.0.0.1:8502/P7_Lobby"
    is_embedded: false
    color_scheme: "light"
  }
}

2026-02-08 09:21:52.462 Beginning script thread
2026-02-08 09:21:52.462 Running script RerunData(widget_states=widgets {
  id: "$$ID-e88100a04e8a294fe2c9211ca9586b98-None"
  int_value: 1
}
widgets {
  id: "$$ID-efe756f6ae4799c31ef32cd2f0019123-None"
  trigger_value: true
}
, page_script_hash='9733130d388c1d10bfebee9733c066ed', cached_message_hashes={'e59275a65a497f2f9e16b6d4d8b0af0f'}, context_info=timezone: "Asia/Seoul"
timezone_offset: -540
locale: "ko"
url: "http://127.0.0.1:8502/P7_Lobby"
is_embedded: false
color_scheme: "light"
)
2026-02-08 09:21:52.462 Disconnecting files for session with ID 5abe8593-1532-46f2-a700-ff31a0c602a3
2026-02-08 09:21:52.462 Sessions still active: dict_keys([])
2026-02-08 09:21:52.463 Files: 0; Sessions with files: 0
2026-02-08 09:21:52.482 Sending cached message ref (hash=e59275a65a497f2f9e16b6d4d8b0af0f)
2026-02-08 09:21:52.511 Removing orphaned files...
2026-02-08 09:21:52.511 Removing orphaned deferred callables...
2026-02-08 09:21:52.552 Running script RerunData(page_script_hash='4e20d74e7b58e71c8b4e4aca0cad36c3', cached_message_hashes={'e59275a65a497f2f9e16b6d4d8b0af0f'}, context_info=timezone: "Asia/Seoul"
timezone_offset: -540
locale: "ko"
url: "http://127.0.0.1:8502/P7_Lobby"
is_embedded: false
color_scheme: "light"
)
2026-02-08 09:21:52.553 Disconnecting files for session with ID 5abe8593-1532-46f2-a700-ff31a0c602a3
2026-02-08 09:21:52.553 Sessions still active: dict_keys([])
2026-02-08 09:21:52.553 Files: 0; Sessions with files: 0
2026-02-08 09:21:52.588 Removing orphaned files...
2026-02-08 09:21:52.588 Removing orphaned deferred callables...
^C