2026-01-29 23:39:39.511: [INFO][Sync] Reset engine, reason: 8
2026-01-29 23:39:39.511: [INFO][Sync] Stopped: Bookmarks
2026-01-29 23:39:39.511: [INFO][Sync] Stopped: Preferences
2026-01-29 23:39:39.511: [INFO][Sync] Stopped: Passwords
2026-01-29 23:39:39.511: [INFO][Sync] Stopped: Autofill Profiles
2026-01-29 23:39:39.511: [INFO][Sync] Stopped: Autofill
2026-01-29 23:39:39.511: [INFO][Sync] Stopped: Extensions
2026-01-29 23:39:39.511: [INFO][Sync] Stopped: Sessions
2026-01-29 23:39:39.511: [INFO][Sync] Stopped: Extension settings
2026-01-29 23:39:39.511: [INFO][Sync] Stopped: History Delete Directives
2026-01-29 23:39:39.511: [INFO][Sync] Stopped: Device Info
2026-01-29 23:39:39.511: [INFO][Sync] Stopped: User Consents
2026-01-29 23:39:39.511: [INFO][Sync] Stopped: Send Tab To Self
2026-01-29 23:39:39.511: [INFO][Sync] Stopped: Web Apps
2026-01-29 23:39:39.511: [INFO][Sync] Stopped: History
2026-01-29 23:39:39.511: [INFO][Sync] Stopped: Saved Tab Group
2026-01-29 23:39:39.511: [INFO][Sync] Stopped: WebAuthn Credentials
2026-01-29 23:39:39.511: [INFO][Sync] Stopped: Collection
2026-01-29 23:39:39.511: [INFO][Sync] Stopped: Edge E Drop
2026-01-29 23:39:39.511: [INFO][Sync] Stopped: Edge Hub App Usage
2026-01-29 23:39:39.511: [INFO][Sync] Stopped: Edge Wallet
2026-01-29 23:39:39.511: [INFO][Sync] SyncState after authenticated was: NotSignedIn
2026-01-29 23:39:39.624: [INFO][Sync] Reset engine, reason: 8
2026-01-29 23:39:39.624: [INFO][Sync] Stopped: Bookmarks
2026-01-29 23:39:39.624: [INFO][Sync] Stopped: Preferences
2026-01-29 23:39:39.624: [INFO][Sync] Stopped: Passwords
2026-01-29 23:39:39.624: [INFO][Sync] Stopped: Autofill Profiles
2026-01-29 23:39:39.624: [INFO][Sync] Stopped: Autofill
2026-01-29 23:39:39.624: [INFO][Sync] Stopped: Extensions
2026-01-29 23:39:39.624: [INFO][Sync] Stopped: Sessions
2026-01-29 23:39:39.624: [INFO][Sync] Stopped: Extension settings
2026-01-29 23:39:39.624: [INFO][Sync] Stopped: History Delete Directives
2026-01-29 23:39:39.624: [INFO][Sync] Stopped: Device Info
2026-01-29 23:39:39.624: [INFO][Sync] Stopped: User Consents
2026-01-29 23:39:39.624: [INFO][Sync] Stopped: Send Tab To Self
2026-01-29 23:39:39.624: [INFO][Sync] Stopped: Web Apps
2026-01-29 23:39:39.624: [INFO][Sync] Stopped: History
2026-01-29 23:39:39.624: [INFO][Sync] Stopped: Saved Tab Group
2026-01-29 23:39:39.624: [INFO][Sync] Stopped: WebAuthn Credentials
2026-01-29 23:39:39.624: [INFO][Sync] Stopped: Collection
2026-01-29 23:39:39.624: [INFO][Sync] Stopped: Edge E Drop
2026-01-29 23:39:39.624: [INFO][Sync] Stopped: Edge Hub App Usage
2026-01-29 23:39:39.624: [INFO][Sync] Stopped: Edge Wallet
2026-01-29 23:39:44.909: [INFO][Sync] Reset engine, reason: 0
2026-01-29 23:40:04.429: [INFO][Sync] Reset engine, reason: 8
2026-01-29 23:40:04.429: [INFO][Sync] Stopped: Bookmarks
2026-01-29 23:40:04.429: [INFO][Sync] Stopped: Preferences
2026-01-29 23:40:04.429: [INFO][Sync] Stopped: Passwords
2026-01-29 23:40:04.429: [INFO][Sync] Stopped: Autofill Profiles
2026-01-29 23:40:04.429: [INFO][Sync] Stopped: Autofill
2026-01-29 23:40:04.429: [INFO][Sync] Stopped: Extensions
2026-01-29 23:40:04.429: [INFO][Sync] Stopped: Sessions
2026-01-29 23:40:04.429: [INFO][Sync] Stopped: Extension settings
2026-01-29 23:40:04.429: [INFO][Sync] Stopped: History Delete Directives
2026-01-29 23:40:04.429: [INFO][Sync] Stopped: Device Info
2026-01-29 23:40:04.429: [INFO][Sync] Stopped: User Consents
2026-01-29 23:40:04.429: [INFO][Sync] Stopped: Send Tab To Self
2026-01-29 23:40:04.429: [INFO][Sync] Stopped: Web Apps
2026-01-29 23:40:04.429: [INFO][Sync] Stopped: History
2026-01-29 23:40:04.429: [INFO][Sync] Stopped: Saved Tab Group
2026-01-29 23:40:04.429: [INFO][Sync] Stopped: WebAuthn Credentials
2026-01-29 23:40:04.429: [INFO][Sync] Stopped: Collection
2026-01-29 23:40:04.429: [INFO][Sync] Stopped: Edge E Drop
2026-01-29 23:40:04.429: [INFO][Sync] Stopped: Edge Hub App Usage
2026-01-29 23:40:04.429: [INFO][Sync] Stopped: Edge Wallet
2026-01-29 23:40:04.429: [INFO][Sync] Stopped: Edge Workspace
2026-01-29 23:40:04.429: [INFO][Sync] SyncState after authenticated was: NotSignedIn
2026-01-29 23:40:04.590: [INFO][Sync] Reset engine, reason: 8
2026-01-29 23:40:04.590: [INFO][Sync] Stopped: Bookmarks
2026-01-29 23:40:04.590: [INFO][Sync] Stopped: Preferences
2026-01-29 23:40:04.590: [INFO][Sync] Stopped: Passwords
2026-01-29 23:40:04.590: [INFO][Sync] Stopped: Autofill Profiles
2026-01-29 23:40:04.590: [INFO][Sync] Stopped: Autofill
2026-01-29 23:40:04.590: [INFO][Sync] Stopped: Extensions
2026-01-29 23:40:04.590: [INFO][Sync] Stopped: Sessions
2026-01-29 23:40:04.590: [INFO][Sync] Stopped: Extension settings
2026-01-29 23:40:04.590: [INFO][Sync] Stopped: History Delete Directives
2026-01-29 23:40:04.590: [INFO][Sync] Stopped: Device Info
2026-01-29 23:40:04.590: [INFO][Sync] Stopped: User Consents
2026-01-29 23:40:04.590: [INFO][Sync] Stopped: Send Tab To Self
2026-01-29 23:40:04.590: [INFO][Sync] Stopped: Web Apps
2026-01-29 23:40:04.590: [INFO][Sync] Stopped: History
2026-01-29 23:40:04.590: [INFO][Sync] Stopped: Saved Tab Group
2026-01-29 23:40:04.590: [INFO][Sync] Stopped: WebAuthn Credentials
2026-01-29 23:40:04.590: [INFO][Sync] Stopped: Collection
2026-01-29 23:40:04.590: [INFO][Sync] Stopped: Edge E Drop
2026-01-29 23:40:04.590: [INFO][Sync] Stopped: Edge Hub App Usage
2026-01-29 23:40:04.590: [INFO][Sync] Stopped: Edge Wallet
2026-01-29 23:40:04.590: [INFO][Sync] Stopped: Edge Workspace
2026-01-29 23:40:25.356: [INFO][Sync] Reset engine, reason: 0
2026-01-29 23:42:28.566: [INFO][Sync] Reset engine, reason: 8
2026-01-29 23:42:28.566: [INFO][Sync] Stopped: Bookmarks
2026-01-29 23:42:28.566: [INFO][Sync] Stopped: Preferences
2026-01-29 23:42:28.566: [INFO][Sync] Stopped: Passwords
2026-01-29 23:42:28.566: [INFO][Sync] Stopped: Autofill Profiles
2026-01-29 23:42:28.566: [INFO][Sync] Stopped: Autofill
2026-01-29 23:42:28.566: [INFO][Sync] Stopped: Extensions
2026-01-29 23:42:28.566: [INFO][Sync] Stopped: Sessions
2026-01-29 23:42:28.566: [INFO][Sync] Stopped: Extension settings
2026-01-29 23:42:28.566: [INFO][Sync] Stopped: History Delete Directives
2026-01-29 23:42:28.566: [INFO][Sync] Stopped: Device Info
2026-01-29 23:42:28.566: [INFO][Sync] Stopped: User Consents
2026-01-29 23:42:28.566: [INFO][Sync] Stopped: Send Tab To Self
2026-01-29 23:42:28.566: [INFO][Sync] Stopped: Web Apps
2026-01-29 23:42:28.566: [INFO][Sync] Stopped: History
2026-01-29 23:42:28.566: [INFO][Sync] Stopped: Saved Tab Group
2026-01-29 23:42:28.566: [INFO][Sync] Stopped: WebAuthn Credentials
2026-01-29 23:42:28.566: [INFO][Sync] Stopped: Collection
2026-01-29 23:42:28.566: [INFO][Sync] Stopped: Edge E Drop
2026-01-29 23:42:28.566: [INFO][Sync] Stopped: Edge Hub App Usage
2026-01-29 23:42:28.566: [INFO][Sync] Stopped: Edge Wallet
2026-01-29 23:42:28.566: [INFO][Sync] Stopped: Edge Workspace
2026-01-29 23:42:28.566: [INFO][Sync] SyncState after authenticated was: NotSignedIn
2026-01-29 23:42:28.738: [INFO][Sync] Reset engine, reason: 8
2026-01-29 23:42:28.738: [INFO][Sync] Stopped: Bookmarks
2026-01-29 23:42:28.738: [INFO][Sync] Stopped: Preferences
2026-01-29 23:42:28.738: [INFO][Sync] Stopped: Passwords
2026-01-29 23:42:28.738: [INFO][Sync] Stopped: Autofill Profiles
2026-01-29 23:42:28.738: [INFO][Sync] Stopped: Autofill
2026-01-29 23:42:28.738: [INFO][Sync] Stopped: Extensions
2026-01-29 23:42:28.738: [INFO][Sync] Stopped: Sessions
2026-01-29 23:42:28.738: [INFO][Sync] Stopped: Extension settings
2026-01-29 23:42:28.738: [INFO][Sync] Stopped: History Delete Directives
2026-01-29 23:42:28.738: [INFO][Sync] Stopped: Device Info
2026-01-29 23:42:28.738: [INFO][Sync] Stopped: User Consents
2026-01-29 23:42:28.738: [INFO][Sync] Stopped: Send Tab To Self
2026-01-29 23:42:28.738: [INFO][Sync] Stopped: Web Apps
2026-01-29 23:42:28.738: [INFO][Sync] Stopped: History
2026-01-29 23:42:28.738: [INFO][Sync] Stopped: Saved Tab Group
2026-01-29 23:42:28.738: [INFO][Sync] Stopped: WebAuthn Credentials
2026-01-29 23:42:28.738: [INFO][Sync] Stopped: Collection
2026-01-29 23:42:28.738: [INFO][Sync] Stopped: Edge E Drop
2026-01-29 23:42:28.738: [INFO][Sync] Stopped: Edge Hub App Usage
2026-01-29 23:42:28.738: [INFO][Sync] Stopped: Edge Wallet
2026-01-29 23:42:28.738: [INFO][Sync] Stopped: Edge Workspace
2026-01-29 23:45:42.842: [INFO][Sync] Reset engine, reason: 0
2026-01-29 23:47:30.076: [INFO][Sync] Reset engine, reason: 8
2026-01-29 23:47:30.076: [INFO][Sync] Stopped: Bookmarks
2026-01-29 23:47:30.076: [INFO][Sync] Stopped: Preferences
2026-01-29 23:47:30.076: [INFO][Sync] Stopped: Passwords
2026-01-29 23:47:30.076: [INFO][Sync] Stopped: Autofill Profiles
2026-01-29 23:47:30.076: [INFO][Sync] Stopped: Autofill
2026-01-29 23:47:30.076: [INFO][Sync] Stopped: Extensions
2026-01-29 23:47:30.076: [INFO][Sync] Stopped: Sessions
2026-01-29 23:47:30.076: [INFO][Sync] Stopped: Extension settings
2026-01-29 23:47:30.076: [INFO][Sync] Stopped: History Delete Directives
2026-01-29 23:47:30.076: [INFO][Sync] Stopped: Device Info
2026-01-29 23:47:30.076: [INFO][Sync] Stopped: User Consents
2026-01-29 23:47:30.076: [INFO][Sync] Stopped: Send Tab To Self
2026-01-29 23:47:30.076: [INFO][Sync] Stopped: Web Apps
2026-01-29 23:47:30.076: [INFO][Sync] Stopped: History
2026-01-29 23:47:30.076: [INFO][Sync] Stopped: Saved Tab Group
2026-01-29 23:47:30.076: [INFO][Sync] Stopped: WebAuthn Credentials
2026-01-29 23:47:30.076: [INFO][Sync] Stopped: Collection
2026-01-29 23:47:30.076: [INFO][Sync] Stopped: Edge E Drop
2026-01-29 23:47:30.076: [INFO][Sync] Stopped: Edge Hub App Usage
2026-01-29 23:47:30.076: [INFO][Sync] Stopped: Edge Wallet
2026-01-29 23:47:30.076: [INFO][Sync] Stopped: Edge Workspace
2026-01-29 23:47:30.076: [INFO][Sync] SyncState after authenticated was: NotSignedIn
2026-01-29 23:47:30.301: [INFO][Sync] Reset engine, reason: 8
2026-01-29 23:47:30.301: [INFO][Sync] Stopped: Bookmarks
2026-01-29 23:47:30.301: [INFO][Sync] Stopped: Preferences
2026-01-29 23:47:30.301: [INFO][Sync] Stopped: Passwords
2026-01-29 23:47:30.301: [INFO][Sync] Stopped: Autofill Profiles
2026-01-29 23:47:30.301: [INFO][Sync] Stopped: Autofill
2026-01-29 23:47:30.301: [INFO][Sync] Stopped: Extensions
2026-01-29 23:47:30.301: [INFO][Sync] Stopped: Sessions
2026-01-29 23:47:30.301: [INFO][Sync] Stopped: Extension settings
2026-01-29 23:47:30.301: [INFO][Sync] Stopped: History Delete Directives
2026-01-29 23:47:30.301: [INFO][Sync] Stopped: Device Info
2026-01-29 23:47:30.301: [INFO][Sync] Stopped: User Consents
2026-01-29 23:47:30.301: [INFO][Sync] Stopped: Send Tab To Self
2026-01-29 23:47:30.301: [INFO][Sync] Stopped: Web Apps
2026-01-29 23:47:30.301: [INFO][Sync] Stopped: History
2026-01-29 23:47:30.301: [INFO][Sync] Stopped: Saved Tab Group
2026-01-29 23:47:30.301: [INFO][Sync] Stopped: WebAuthn Credentials
2026-01-29 23:47:30.301: [INFO][Sync] Stopped: Collection
2026-01-29 23:47:30.301: [INFO][Sync] Stopped: Edge E Drop
2026-01-29 23:47:30.301: [INFO][Sync] Stopped: Edge Hub App Usage
2026-01-29 23:47:30.301: [INFO][Sync] Stopped: Edge Wallet
2026-01-29 23:47:30.301: [INFO][Sync] Stopped: Edge Workspace
2026-01-29 23:48:26.580: [INFO][Sync] Reset engine, reason: 0
2026-01-29 23:48:32.742: [INFO][Sync] Reset engine, reason: 8
2026-01-29 23:48:32.742: [INFO][Sync] Stopped: Bookmarks
2026-01-29 23:48:32.742: [INFO][Sync] Stopped: Preferences
2026-01-29 23:48:32.742: [INFO][Sync] Stopped: Passwords
2026-01-29 23:48:32.742: [INFO][Sync] Stopped: Autofill Profiles
2026-01-29 23:48:32.742: [INFO][Sync] Stopped: Autofill
2026-01-29 23:48:32.742: [INFO][Sync] Stopped: Extensions
2026-01-29 23:48:32.742: [INFO][Sync] Stopped: Sessions
2026-01-29 23:48:32.742: [INFO][Sync] Stopped: Extension settings
2026-01-29 23:48:32.742: [INFO][Sync] Stopped: History Delete Directives
2026-01-29 23:48:32.742: [INFO][Sync] Stopped: Device Info
2026-01-29 23:48:32.742: [INFO][Sync] Stopped: User Consents
2026-01-29 23:48:32.742: [INFO][Sync] Stopped: Send Tab To Self
2026-01-29 23:48:32.742: [INFO][Sync] Stopped: Web Apps
2026-01-29 23:48:32.742: [INFO][Sync] Stopped: History
2026-01-29 23:48:32.742: [INFO][Sync] Stopped: Saved Tab Group
2026-01-29 23:48:32.742: [INFO][Sync] Stopped: WebAuthn Credentials
2026-01-29 23:48:32.742: [INFO][Sync] Stopped: Collection
2026-01-29 23:48:32.742: [INFO][Sync] Stopped: Edge E Drop
2026-01-29 23:48:32.742: [INFO][Sync] Stopped: Edge Hub App Usage
2026-01-29 23:48:32.742: [INFO][Sync] Stopped: Edge Wallet
2026-01-29 23:48:32.742: [INFO][Sync] Stopped: Edge Workspace
2026-01-29 23:48:32.742: [INFO][Sync] SyncState after authenticated was: NotSignedIn
2026-01-29 23:48:32.943: [INFO][Sync] Reset engine, reason: 8
2026-01-29 23:48:32.943: [INFO][Sync] Stopped: Bookmarks
2026-01-29 23:48:32.943: [INFO][Sync] Stopped: Preferences
2026-01-29 23:48:32.943: [INFO][Sync] Stopped: Passwords
2026-01-29 23:48:32.943: [INFO][Sync] Stopped: Autofill Profiles
2026-01-29 23:48:32.943: [INFO][Sync] Stopped: Autofill
2026-01-29 23:48:32.943: [INFO][Sync] Stopped: Extensions
2026-01-29 23:48:32.943: [INFO][Sync] Stopped: Sessions
2026-01-29 23:48:32.943: [INFO][Sync] Stopped: Extension settings
2026-01-29 23:48:32.943: [INFO][Sync] Stopped: History Delete Directives
2026-01-29 23:48:32.943: [INFO][Sync] Stopped: Device Info
2026-01-29 23:48:32.943: [INFO][Sync] Stopped: User Consents
2026-01-29 23:48:32.943: [INFO][Sync] Stopped: Send Tab To Self
2026-01-29 23:48:32.943: [INFO][Sync] Stopped: Web Apps
2026-01-29 23:48:32.943: [INFO][Sync] Stopped: History
2026-01-29 23:48:32.943: [INFO][Sync] Stopped: Saved Tab Group
2026-01-29 23:48:32.943: [INFO][Sync] Stopped: WebAuthn Credentials
2026-01-29 23:48:32.943: [INFO][Sync] Stopped: Collection
2026-01-29 23:48:32.943: [INFO][Sync] Stopped: Edge E Drop
2026-01-29 23:48:32.943: [INFO][Sync] Stopped: Edge Hub App Usage
2026-01-29 23:48:32.943: [INFO][Sync] Stopped: Edge Wallet
2026-01-29 23:48:32.943: [INFO][Sync] Stopped: Edge Workspace
2026-01-29 23:48:53.399: [INFO][Sync] Reset engine, reason: 0
